# JRE version: OpenJDK Runtime Environment (11.0.8+10) (build 11.0.8+10-b944.6842174)
# Java VM: OpenJDK 64-Bit Server VM (11.0.8+10-b944.6842174, mixed mode, tiered, compressed oops, g1 gc, windows-amd64)
Heap:
 garbage-first heap   total 235520K, used 156416K [0x0000000080000000, 0x0000000100000000)
  region size 1024K, 14 young (14336K), 5 survivors (5120K)
 Metaspace       used 96435K, capacity 98944K, committed 99236K, reserved 1134592K
  class space    used 12657K, capacity 13578K, committed 13696K, reserved 1048576K
GC Heap History (20 events):
Event: 11.752 GC heap before
{Heap before GC invocations=12 (full 0):
 garbage-first heap   total 189440K, used 60205K [0x0000000080000000, 0x0000000100000000)
  region size 1024K, 24 young (24576K), 5 survivors (5120K)
 Metaspace       used 58446K, capacity 59798K, committed 59940K, reserved 1101824K
  class space    used 7402K, capacity 7870K, committed 7936K, reserved 1048576K
}
Event: 11.760 GC heap after
{Heap after GC invocations=13 (full 0):
 garbage-first heap   total 189440K, used 43262K [0x0000000080000000, 0x0000000100000000)
  region size 1024K, 7 young (7168K), 7 survivors (7168K)
 Metaspace       used 58446K, capacity 59798K, committed 59940K, reserved 1101824K
  class space    used 7402K, capacity 7870K, committed 7936K, reserved 1048576K
}
Event: 13.365 GC heap before
{Heap before GC invocations=14 (full 0):
 garbage-first heap   total 189440K, used 127230K [0x0000000080000000, 0x0000000100000000)
  region size 1024K, 89 young (91136K), 7 survivors (7168K)
 Metaspace       used 65844K, capacity 67438K, committed 67620K, reserved 1107968K
  class space    used 8576K, capacity 9123K, committed 9216K, reserved 1048576K
}
Event: 13.382 GC heap after
{Heap after GC invocations=15 (full 0):
 garbage-first heap   total 189440K, used 48117K [0x0000000080000000, 0x0000000100000000)
  region size 1024K, 11 young (11264K), 11 survivors (11264K)
 Metaspace       used 65844K, capacity 67438K, committed 67620K, reserved 1107968K
  class space    used 8576K, capacity 9123K, committed 9216K, reserved 1048576K
}
Event: 15.341 GC heap before
{Heap before GC invocations=15 (full 0):
 garbage-first heap   total 189440K, used 141301K [0x0000000080000000, 0x0000000100000000)
  region size 1024K, 102 young (104448K), 11 survivors (11264K)
 Metaspace       used 75317K, capacity 77194K, committed 77476K, reserved 1116160K
  class space    used 9840K, capacity 10497K, committed 10624K, reserved 1048576K
}
Event: 15.361 GC heap after
{Heap after GC invocations=16 (full 0):
 garbage-first heap   total 189440K, used 54183K [0x0000000080000000, 0x0000000100000000)
  region size 1024K, 12 young (12288K), 12 survivors (12288K)
 Metaspace       used 75317K, capacity 77194K, committed 77476K, reserved 1116160K
  class space    used 9840K, capacity 10497K, committed 10624K, reserved 1048576K
}
Event: 17.668 GC heap before
{Heap before GC invocations=16 (full 0):
 garbage-first heap   total 189440K, used 142247K [0x0000000080000000, 0x0000000100000000)
  region size 1024K, 99 young (101376K), 12 survivors (12288K)
 Metaspace       used 77075K, capacity 79053K, committed 79140K, reserved 1118208K
  class space    used 10029K, capacity 10705K, committed 10752K, reserved 1048576K
}
Event: 17.694 GC heap after
{Heap after GC invocations=17 (full 0):
 garbage-first heap   total 189440K, used 59841K [0x0000000080000000, 0x0000000100000000)
  region size 1024K, 12 young (12288K), 12 survivors (12288K)
 Metaspace       used 77075K, capacity 79053K, committed 79140K, reserved 1118208K
  class space    used 10029K, capacity 10705K, committed 10752K, reserved 1048576K
}
Event: 20.896 GC heap before
{Heap before GC invocations=17 (full 0):
 garbage-first heap   total 189440K, used 146881K [0x0000000080000000, 0x0000000100000000)
  region size 1024K, 96 young (98304K), 12 survivors (12288K)
 Metaspace       used 85488K, capacity 87660K, committed 87844K, reserved 1126400K
  class space    used 11053K, capacity 11769K, committed 11776K, reserved 1048576K
}
Event: 20.913 GC heap after
{Heap after GC invocations=18 (full 0):
 garbage-first heap   total 189440K, used 67099K [0x0000000080000000, 0x0000000100000000)
  region size 1024K, 11 young (11264K), 11 survivors (11264K)
 Metaspace       used 85488K, capacity 87660K, committed 87844K, reserved 1126400K
  class space    used 11053K, capacity 11769K, committed 11776K, reserved 1048576K
}
Event: 22.609 GC heap before
{Heap before GC invocations=18 (full 0):
 garbage-first heap   total 189440K, used 150043K [0x0000000080000000, 0x0000000100000000)
  region size 1024K, 91 young (93184K), 11 survivors (11264K)
 Metaspace       used 94721K, capacity 97261K, committed 97444K, reserved 1134592K
  class space    used 12424K, capacity 13335K, committed 13440K, reserved 1048576K
}
Event: 22.625 GC heap after
{Heap after GC invocations=19 (full 0):
 garbage-first heap   total 189440K, used 69654K [0x0000000080000000, 0x0000000100000000)
  region size 1024K, 10 young (10240K), 10 survivors (10240K)
 Metaspace       used 94721K, capacity 97261K, committed 97444K, reserved 1134592K
  class space    used 12424K, capacity 13335K, committed 13440K, reserved 1048576K
}
Event: 23.061 GC heap before
{Heap before GC invocations=19 (full 0):
 garbage-first heap   total 189440K, used 125974K [0x0000000080000000, 0x0000000100000000)
  region size 1024K, 43 young (44032K), 10 survivors (10240K)
 Metaspace       used 95293K, capacity 97894K, committed 97956K, reserved 1134592K
  class space    used 12481K, capacity 13409K, committed 13440K, reserved 1048576K
}
Event: 23.097 GC heap after
{Heap after GC invocations=20 (full 0):
 garbage-first heap   total 189440K, used 92160K [0x0000000080000000, 0x0000000100000000)
  region size 1024K, 11 young (11264K), 11 survivors (11264K)
 Metaspace       used 95293K, capacity 97894K, committed 97956K, reserved 1134592K
  class space    used 12481K, capacity 13409K, committed 13440K, reserved 1048576K
}
Event: 23.797 GC heap before
{Heap before GC invocations=21 (full 0):
 garbage-first heap   total 189440K, used 155648K [0x0000000080000000, 0x0000000100000000)
  region size 1024K, 70 young (71680K), 11 survivors (11264K)
 Metaspace       used 96246K, capacity 98823K, committed 98980K, reserved 1134592K
  class space    used 12660K, capacity 13586K, committed 13696K, reserved 1048576K
}
Event: 23.856 GC heap after
{Heap after GC invocations=22 (full 0):
 garbage-first heap   total 195584K, used 121733K [0x0000000080000000, 0x0000000100000000)
  region size 1024K, 9 young (9216K), 9 survivors (9216K)
 Metaspace       used 96246K, capacity 98823K, committed 98980K, reserved 1134592K
  class space    used 12660K, capacity 13586K, committed 13696K, reserved 1048576K
}
Event: 24.022 GC heap before
{Heap before GC invocations=22 (full 0):
 garbage-first heap   total 195584K, used 139141K [0x0000000080000000, 0x0000000100000000)
  region size 1024K, 28 young (28672K), 9 survivors (9216K)
 Metaspace       used 96291K, capacity 98887K, committed 99236K, reserved 1134592K
  class space    used 12660K, capacity 13586K, committed 13696K, reserved 1048576K
}
Event: 24.068 GC heap after
{Heap after GC invocations=23 (full 0):
 garbage-first heap   total 235520K, used 133632K [0x0000000080000000, 0x0000000100000000)
  region size 1024K, 5 young (5120K), 5 survivors (5120K)
 Metaspace       used 96291K, capacity 98887K, committed 99236K, reserved 1134592K
  class space    used 12660K, capacity 13586K, committed 13696K, reserved 1048576K
}
Event: 24.604 GC heap before
{Heap before GC invocations=24 (full 0):
 garbage-first heap   total 235520K, used 166400K [0x0000000080000000, 0x0000000100000000)
  region size 1024K, 36 young (36864K), 5 survivors (5120K)
 Metaspace       used 96398K, capacity 98938K, committed 99236K, reserved 1134592K
  class space    used 12656K, capacity 13577K, committed 13696K, reserved 1048576K
}
Event: 24.629 GC heap after
{Heap after GC invocations=25 (full 0):
 garbage-first heap   total 235520K, used 148224K [0x0000000080000000, 0x0000000100000000)
  region size 1024K, 5 young (5120K), 5 survivors (5120K)
 Metaspace       used 96398K, capacity 98938K, committed 99236K, reserved 1134592K
  class space    used 12656K, capacity 13577K, committed 13696K, reserved 1048576K
}

